2024-04-29 21:10:04,992 | INFO | start main program
2024-04-29 21:10:04,992 | INFO | app namebase app
2024-04-29 21:10:04,992 | INFO | app version0.1
2024-04-29 21:11:36,329 | INFO | start main program
2024-04-29 21:11:36,329 | INFO | app namebase app
2024-04-29 21:11:36,329 | INFO | app version0.1
2024-04-29 21:11:37,527 | INFO | start main program
2024-04-29 21:11:37,527 | INFO | app namebase app
2024-04-29 21:11:37,527 | INFO | app version0.1
2024-04-29 21:11:38,372 | INFO | start main program
2024-04-29 21:11:38,372 | INFO | app namebase app
2024-04-29 21:11:38,372 | INFO | app version0.1
2024-04-29 21:11:39,628 | INFO | start main program
2024-04-29 21:11:39,628 | INFO | app namebase app
2024-04-29 21:11:39,628 | INFO | app version0.1
2024-04-29 21:16:49,383 | INFO | start main program
2024-04-29 21:16:49,383 | INFO | app namebase app
2024-04-29 21:16:49,383 | INFO | app version0.1
2024-04-29 21:18:01,088 | INFO | start main program
2024-04-29 21:18:01,089 | INFO | app namebase app
2024-04-29 21:18:01,089 | INFO | app version0.1
2024-04-29 21:20:55,809|INFO|start main program
2024-04-29 21:20:55,809|INFO|app namebase app
2024-04-29 21:20:55,810|INFO|app version0.1
2024-04-29 21:21:11,217|INFO|start main program
2024-04-29 21:21:11,217|INFO|app namebase app
2024-04-29 21:21:11,217|INFO|app version0.1
2024-04-29 21:26:38,957|INFO|start main program
2024-04-29 21:26:38,969|INFO|app namebase app
2024-04-29 21:26:38,970|INFO|app version0.1
2024-04-29 21:27:21,562|INFO|start main program
2024-04-29 21:27:21,562|INFO|app namebase app
2024-04-29 21:27:21,562|INFO|app version0.1
2024-04-29 21:28:03,596|INFO|start main program
2024-04-29 21:28:03,597|INFO|app namebase app
2024-04-29 21:28:03,597|INFO|app version0.1
2024-04-29 21:28:24,661|INFO|start main program
2024-04-29 21:28:24,661|INFO|app namebase app
2024-04-29 21:28:24,661|INFO|app version0.1
2024-04-29 21:38:22,739|INFO|start main program
2024-04-29 21:38:22,739|INFO|app namebase app
2024-04-29 21:38:22,739|INFO|app version0.1
